<?xml version="1.0" encoding="UTF-8"?>
<testsuite xmlns:xsi="http://www.w3.org/2001/XMLSchema-instance" xsi:noNamespaceSchemaLocation="https://maven.apache.org/surefire/maven-surefire-plugin/xsd/surefire-test-report.xsd" version="3.0.2" name="meia.playgorithm.MovieRecommendationTest" time="0.879" tests="1" errors="0" skipped="0" failures="0">
  <properties>
[...]
</properties>
  <testcase name="shouldRecommendScienceFictionMovies" classname="meia.playgorithm.MovieRecommendationTest" time="0.848"/>
</testsuite>